<?xml version="1.0" encoding="UTF-8"?>
<!-- Generated by org.testng.reporters.JUnitReportReporter -->
<testsuite hostname="BHUKRK527430L" failures="0" tests="1" name="day5.ScrollWeb" time="15.018" errors="0" timestamp="2022-03-28T12:49:38 IST" skipped="0">
  <testcase classname="day5.ScrollWeb" name="A5ScrollWeb" time="15.018"/>
  <system-out/>
</testsuite> <!-- day5.ScrollWeb -->
