<?xml version="1.0" encoding="UTF-8"?>
<!-- Generated by org.testng.reporters.JUnitReportReporter -->
<testsuite hostname="BHUKRK527430L" failures="0" tests="1" name="day5.Alerts" time="12.292" errors="0" timestamp="2022-03-28T08:48:53 IST" skipped="0">
  <testcase classname="day5.Alerts" name="test" time="12.292"/>
  <system-out/>
</testsuite> <!-- day5.Alerts -->
