<?xml version="1.0" encoding="UTF-8"?>
<!-- Generated by org.testng.reporters.JUnitReportReporter -->
<testsuite hostname="BHUKRK527430L" failures="0" tests="1" name="day7.ActionClass" time="0.314" errors="0" timestamp="2022-03-30T09:23:48 IST" skipped="0">
  <testcase classname="day7.ActionClass" name="actions" time="0.314"/>
  <system-out/>
</testsuite> <!-- day7.ActionClass -->
