<?xml version="1.0" encoding="UTF-8"?>
<!-- Generated by org.testng.reporters.JUnitReportReporter -->
<testsuite hostname="BHUKRK527430L" failures="0" tests="1" name="extraAssignments.NewTest" time="6.230" errors="0" timestamp="2022-05-06T11:01:59 IST" skipped="0">
  <testcase classname="extraAssignments.NewTest" name="f" time="6.230"/>
  <system-out/>
</testsuite> <!-- extraAssignments.NewTest -->
