<?xml version="1.0" encoding="UTF-8"?>
<!-- Generated by org.testng.reporters.JUnitReportReporter -->
<testsuite hostname="BHUKRK527430L" failures="0" tests="1" name="day7.ScreenShot" time="0.119" errors="0" timestamp="2022-03-29T15:29:17 IST" skipped="0">
  <testcase classname="day7.ScreenShot" name="screenshot" time="0.119"/>
  <system-out/>
</testsuite> <!-- day7.ScreenShot -->
