<?xml version="1.0" encoding="UTF-8"?>
<!-- Generated by org.testng.reporters.JUnitReportReporter -->
<testsuite hostname="BHUKRK527430L" failures="0" tests="1" name="day5.Google" time="23.391" errors="0" timestamp="2022-05-06T13:47:35 IST" skipped="0">
  <testcase classname="day5.Google" name="A4SearchGoogle" time="23.391"/>
  <system-out/>
</testsuite> <!-- day5.Google -->
