<?xml version="1.0" encoding="UTF-8"?>
<!-- Generated by org.testng.reporters.JUnitReportReporter -->
<testsuite hostname="BHUKRK527430L" failures="0" tests="1" name="day7.DoubleClick" time="3.611" errors="0" timestamp="2022-03-30T09:35:59 IST" skipped="0">
  <testcase classname="day7.DoubleClick" name="test" time="3.611"/>
  <system-out/>
</testsuite> <!-- day7.DoubleClick -->
