<?xml version="1.0" encoding="UTF-8"?>
<!-- Generated by org.testng.reporters.JUnitReportReporter -->
<testsuite hostname="BHUKRK527430L" failures="0" tests="1" name="day5.PopUp" time="38.470" errors="0" timestamp="2022-03-28T09:37:50 IST" skipped="0">
  <testcase classname="day5.PopUp" name="A3Popups" time="38.470"/>
  <system-out/>
</testsuite> <!-- day5.PopUp -->
