<?xml version="1.0" encoding="UTF-8"?>
<!-- Generated by org.testng.reporters.JUnitReportReporter -->
<testsuite hostname="BHUKRK527430L" failures="0" tests="1" name="day7.Executor" time="4.240" errors="0" timestamp="2022-03-29T15:33:59 IST" skipped="0">
  <testcase classname="day7.Executor" name="test" time="4.240"/>
  <system-out/>
</testsuite> <!-- day7.Executor -->
