<?xml version="1.0" encoding="UTF-8"?>
<!-- Generated by org.testng.reporters.JUnitReportReporter -->
<testsuite hostname="BHUKRK527430L" failures="0" tests="1" name="allSeleniumAssignments.MouseHover" time="0.225" errors="0" timestamp="2022-05-06T17:21:47 IST" skipped="0">
  <testcase classname="allSeleniumAssignments.MouseHover" name="actions" time="0.225"/>
  <system-out/>
</testsuite> <!-- allSeleniumAssignments.MouseHover -->
