<?xml version="1.0" encoding="UTF-8"?>
<!-- Generated by org.testng.reporters.JUnitReportReporter -->
<testsuite hostname="BHUKRK527430L" failures="0" tests="3" name="com.testCases.DataProvider01" time="4.204" errors="0" timestamp="06 May 2022 05:14:37 GMT" skipped="0">
  <testcase classname="com.testCases.DataProvider01" name="test" time="0.665"/>
  <testcase classname="com.testCases.DataProvider01" name="test" time="0.619"/>
  <testcase classname="com.testCases.DataProvider01" name="test" time="2.920"/>
</testsuite> <!-- com.testCases.DataProvider01 -->
