<?xml version="1.0" encoding="UTF-8"?>
<!-- Generated by org.testng.reporters.JUnitReportReporter -->
<testsuite hostname="BHUKRK527430L" failures="0" tests="1" name="day5.DragAndDrop" time="9.083" errors="0" timestamp="2022-04-26T11:33:16 IST" skipped="0">
  <testcase classname="day5.DragAndDrop" name="Test" time="9.083"/>
  <system-out/>
</testsuite> <!-- day5.DragAndDrop -->
