<?xml version="1.0" encoding="UTF-8"?>
<!-- Generated by org.testng.reporters.JUnitReportReporter -->
<testsuite hostname="BHUKRK527430L" failures="0" tests="1" name="day6.RoughClass" time="0.014" errors="0" timestamp="2022-03-28T22:21:48 IST" skipped="0">
  <testcase classname="day6.RoughClass" name="test" time="0.014"/>
  <system-out/>
</testsuite> <!-- day6.RoughClass -->
