<?xml version="1.0" encoding="UTF-8"?>
<!-- Generated by org.testng.reporters.JUnitReportReporter -->
<testsuite hostname="BHUKRK527430L" failures="0" tests="1" name="day5.Set_Size_Window" time="18.050" errors="0" timestamp="2022-05-06T13:53:38 IST" skipped="0">
  <testcase classname="day5.Set_Size_Window" name="sizeOfWindow" time="18.050"/>
  <system-out/>
</testsuite> <!-- day5.Set_Size_Window -->
