<?xml version="1.0" encoding="UTF-8"?>
<!-- Generated by org.testng.reporters.JUnitReportReporter -->
<testsuite hostname="BHUKRK527430L" failures="0" tests="1" name="extraAssignments.Screenshot" time="9.708" errors="0" timestamp="2022-05-06T13:34:24 IST" skipped="0">
  <testcase classname="extraAssignments.Screenshot" name="test" time="9.708"/>
  <system-out/>
</testsuite> <!-- extraAssignments.Screenshot -->
