<?xml version="1.0" encoding="UTF-8"?>
<!-- Generated by org.testng.reporters.JUnitReportReporter -->
<testsuite hostname="BHUKRK527430L" failures="0" tests="1" name="day6.WebTables" time="4.159" errors="0" timestamp="2022-03-29T10:58:40 IST" skipped="0">
  <testcase classname="day6.WebTables" name="test" time="4.159"/>
  <system-out/>
</testsuite> <!-- day6.WebTables -->
